[2021-07-29 06:14:36 +0000] [14708] [INFO] Starting gunicorn 20.1.0
[2021-07-29 06:14:36 +0000] [14708] [INFO] Listening at: http://0.0.0.0:8000 (14708)
[2021-07-29 06:14:36 +0000] [14708] [INFO] Using worker: sync
[2021-07-29 06:14:36 +0000] [14709] [INFO] Booting worker with pid: 14709
Not Found: /search
Not Found: /search
Not Found: /jobpostings/1/bookmark
Not Found: /jobpostings/1/bookmark
Not Found: /jobpostings/1/bookmark
Not Found: /jobpostings/1/bookmark
Not Found: /jobpostings/1/bookmark
Not Found: /jobpostings/1/bookmark
Not Found: /jobpostings/1/bookmark
Not Found: /jobpostings/1/bookmark
Not Found: /jobpostings/1/bookmark
Not Found: /jobpostings/1/bookmark
Not Found: /jobpostings/1/bookmark
Not Found: /jobpostings/1/bookmark
Not Found: /jobpostings/1/bookmark
Not Found: /search
Not Found: /jobpostings/1/bookmark
Not Found: /jobpostings/1/bookmark
Not Found: /jobpostings/1/bookmark
Not Found: /jobpostings/1/bookmark
Not Found: /jobpostings/1/bookmark
Not Found: /jobpostings/1/bookmark
Not Found: /jobpostings/1/bookmark
Not Found: /search
Not Found: /search
Not Found: /search
[2021-07-29 06:17:50 +0000] [14708] [INFO] Handling signal: term
[2021-07-29 15:17:50 +0900] [14709] [INFO] Worker exiting (pid: 14709)
[2021-07-29 06:17:50 +0000] [14708] [INFO] Shutting down: Master
[2021-07-29 06:42:06 +0000] [15029] [INFO] Starting gunicorn 20.1.0
[2021-07-29 06:42:06 +0000] [15029] [INFO] Listening at: http://0.0.0.0:8000 (15029)
[2021-07-29 06:42:06 +0000] [15029] [INFO] Using worker: sync
[2021-07-29 06:42:06 +0000] [15030] [INFO] Booting worker with pid: 15030
Not Found: /search
Not Found: /search
Not Found: /search
Not Found: /search
Not Found: /search
Not Found: /search
Not Found: /search
Not Found: /jobpostings/salary
Not Found: /search
Not Found: /search
Not Found: /search
Not Found: /search
Not Found: /search
Not Found: /search
Not Found: /search
Not Found: /search
Not Found: /search
Not Found: /search
Not Found: /search
Not Found: /search
Not Found: /search
Not Found: /search
Not Found: /search
Not Found: /search
Not Found: /jobpostings/salary
Not Found: /jobpostings/salary
Not Found: /jobpostings/salary
Internal Server Error: /jobpostings
Traceback (most recent call last):
  File "/home/ubuntu/miniconda3/envs/oneted/lib/python3.9/site-packages/django/core/handlers/exception.py", line 47, in inner
    response = get_response(request)
  File "/home/ubuntu/miniconda3/envs/oneted/lib/python3.9/site-packages/django/core/handlers/base.py", line 181, in _get_response
    response = wrapped_callback(request, *callback_args, **callback_kwargs)
  File "/home/ubuntu/miniconda3/envs/oneted/lib/python3.9/site-packages/django/views/generic/base.py", line 70, in view
    return self.dispatch(request, *args, **kwargs)
  File "/home/ubuntu/miniconda3/envs/oneted/lib/python3.9/site-packages/django/views/generic/base.py", line 98, in dispatch
    return handler(request, *args, **kwargs)
  File "/home/ubuntu/projects/oneted/jobpostings/views.py", line 52, in get
    limit       = int(request.GET.get("limit", 20))
ValueError: invalid literal for int() with base 10: ''
Internal Server Error: /jobpostings
Traceback (most recent call last):
  File "/home/ubuntu/miniconda3/envs/oneted/lib/python3.9/site-packages/django/core/handlers/exception.py", line 47, in inner
    response = get_response(request)
  File "/home/ubuntu/miniconda3/envs/oneted/lib/python3.9/site-packages/django/core/handlers/base.py", line 181, in _get_response
    response = wrapped_callback(request, *callback_args, **callback_kwargs)
  File "/home/ubuntu/miniconda3/envs/oneted/lib/python3.9/site-packages/django/views/generic/base.py", line 70, in view
    return self.dispatch(request, *args, **kwargs)
  File "/home/ubuntu/miniconda3/envs/oneted/lib/python3.9/site-packages/django/views/generic/base.py", line 98, in dispatch
    return handler(request, *args, **kwargs)
  File "/home/ubuntu/projects/oneted/jobpostings/views.py", line 52, in get
    limit       = int(request.GET.get("limit", 20))
ValueError: invalid literal for int() with base 10: ''
Internal Server Error: /jobpostings
Traceback (most recent call last):
  File "/home/ubuntu/miniconda3/envs/oneted/lib/python3.9/site-packages/django/core/handlers/exception.py", line 47, in inner
    response = get_response(request)
  File "/home/ubuntu/miniconda3/envs/oneted/lib/python3.9/site-packages/django/core/handlers/base.py", line 181, in _get_response
    response = wrapped_callback(request, *callback_args, **callback_kwargs)
  File "/home/ubuntu/miniconda3/envs/oneted/lib/python3.9/site-packages/django/views/generic/base.py", line 70, in view
    return self.dispatch(request, *args, **kwargs)
  File "/home/ubuntu/miniconda3/envs/oneted/lib/python3.9/site-packages/django/views/generic/base.py", line 98, in dispatch
    return handler(request, *args, **kwargs)
  File "/home/ubuntu/projects/oneted/jobpostings/views.py", line 52, in get
    limit       = int(request.GET.get("limit", 20))
ValueError: invalid literal for int() with base 10: ''
Unauthorized: /jobpostings/3200
Internal Server Error: /jobpostings
Traceback (most recent call last):
  File "/home/ubuntu/miniconda3/envs/oneted/lib/python3.9/site-packages/django/core/handlers/exception.py", line 47, in inner
    response = get_response(request)
  File "/home/ubuntu/miniconda3/envs/oneted/lib/python3.9/site-packages/django/core/handlers/base.py", line 181, in _get_response
    response = wrapped_callback(request, *callback_args, **callback_kwargs)
  File "/home/ubuntu/miniconda3/envs/oneted/lib/python3.9/site-packages/django/views/generic/base.py", line 70, in view
    return self.dispatch(request, *args, **kwargs)
  File "/home/ubuntu/miniconda3/envs/oneted/lib/python3.9/site-packages/django/views/generic/base.py", line 98, in dispatch
    return handler(request, *args, **kwargs)
  File "/home/ubuntu/projects/oneted/jobpostings/views.py", line 52, in get
    limit       = int(request.GET.get("limit", 20))
ValueError: invalid literal for int() with base 10: ''
Internal Server Error: /jobpostings
Traceback (most recent call last):
  File "/home/ubuntu/miniconda3/envs/oneted/lib/python3.9/site-packages/django/core/handlers/exception.py", line 47, in inner
    response = get_response(request)
  File "/home/ubuntu/miniconda3/envs/oneted/lib/python3.9/site-packages/django/core/handlers/base.py", line 181, in _get_response
    response = wrapped_callback(request, *callback_args, **callback_kwargs)
  File "/home/ubuntu/miniconda3/envs/oneted/lib/python3.9/site-packages/django/views/generic/base.py", line 70, in view
    return self.dispatch(request, *args, **kwargs)
  File "/home/ubuntu/miniconda3/envs/oneted/lib/python3.9/site-packages/django/views/generic/base.py", line 98, in dispatch
    return handler(request, *args, **kwargs)
  File "/home/ubuntu/projects/oneted/jobpostings/views.py", line 52, in get
    limit       = int(request.GET.get("limit", 20))
ValueError: invalid literal for int() with base 10: ''
Internal Server Error: /jobpostings
Traceback (most recent call last):
  File "/home/ubuntu/miniconda3/envs/oneted/lib/python3.9/site-packages/django/core/handlers/exception.py", line 47, in inner
    response = get_response(request)
  File "/home/ubuntu/miniconda3/envs/oneted/lib/python3.9/site-packages/django/core/handlers/base.py", line 181, in _get_response
    response = wrapped_callback(request, *callback_args, **callback_kwargs)
  File "/home/ubuntu/miniconda3/envs/oneted/lib/python3.9/site-packages/django/views/generic/base.py", line 70, in view
    return self.dispatch(request, *args, **kwargs)
  File "/home/ubuntu/miniconda3/envs/oneted/lib/python3.9/site-packages/django/views/generic/base.py", line 98, in dispatch
    return handler(request, *args, **kwargs)
  File "/home/ubuntu/projects/oneted/jobpostings/views.py", line 52, in get
    limit       = int(request.GET.get("limit", 20))
ValueError: invalid literal for int() with base 10: ''
Internal Server Error: /jobpostings
Traceback (most recent call last):
  File "/home/ubuntu/miniconda3/envs/oneted/lib/python3.9/site-packages/django/core/handlers/exception.py", line 47, in inner
    response = get_response(request)
  File "/home/ubuntu/miniconda3/envs/oneted/lib/python3.9/site-packages/django/core/handlers/base.py", line 181, in _get_response
    response = wrapped_callback(request, *callback_args, **callback_kwargs)
  File "/home/ubuntu/miniconda3/envs/oneted/lib/python3.9/site-packages/django/views/generic/base.py", line 70, in view
    return self.dispatch(request, *args, **kwargs)
  File "/home/ubuntu/miniconda3/envs/oneted/lib/python3.9/site-packages/django/views/generic/base.py", line 98, in dispatch
    return handler(request, *args, **kwargs)
  File "/home/ubuntu/projects/oneted/jobpostings/views.py", line 52, in get
    limit       = int(request.GET.get("limit", 20))
ValueError: invalid literal for int() with base 10: ''
Internal Server Error: /jobpostings
Traceback (most recent call last):
  File "/home/ubuntu/miniconda3/envs/oneted/lib/python3.9/site-packages/django/core/handlers/exception.py", line 47, in inner
    response = get_response(request)
  File "/home/ubuntu/miniconda3/envs/oneted/lib/python3.9/site-packages/django/core/handlers/base.py", line 181, in _get_response
    response = wrapped_callback(request, *callback_args, **callback_kwargs)
  File "/home/ubuntu/miniconda3/envs/oneted/lib/python3.9/site-packages/django/views/generic/base.py", line 70, in view
    return self.dispatch(request, *args, **kwargs)
  File "/home/ubuntu/miniconda3/envs/oneted/lib/python3.9/site-packages/django/views/generic/base.py", line 98, in dispatch
    return handler(request, *args, **kwargs)
  File "/home/ubuntu/projects/oneted/jobpostings/views.py", line 52, in get
    limit       = int(request.GET.get("limit", 20))
ValueError: invalid literal for int() with base 10: 'limit => {    return limit;  }'
Internal Server Error: /jobpostings
Traceback (most recent call last):
  File "/home/ubuntu/miniconda3/envs/oneted/lib/python3.9/site-packages/django/core/handlers/exception.py", line 47, in inner
    response = get_response(request)
  File "/home/ubuntu/miniconda3/envs/oneted/lib/python3.9/site-packages/django/core/handlers/base.py", line 181, in _get_response
    response = wrapped_callback(request, *callback_args, **callback_kwargs)
  File "/home/ubuntu/miniconda3/envs/oneted/lib/python3.9/site-packages/django/views/generic/base.py", line 70, in view
    return self.dispatch(request, *args, **kwargs)
  File "/home/ubuntu/miniconda3/envs/oneted/lib/python3.9/site-packages/django/views/generic/base.py", line 98, in dispatch
    return handler(request, *args, **kwargs)
  File "/home/ubuntu/projects/oneted/jobpostings/views.py", line 52, in get
    limit       = int(request.GET.get("limit", 20))
ValueError: invalid literal for int() with base 10: 'limit => {    return limit;  }'
Not Found: /search
[2021-07-29 07:41:04 +0000] [15029] [INFO] Handling signal: term
[2021-07-29 16:41:04 +0900] [15030] [INFO] Worker exiting (pid: 15030)
[2021-07-29 07:41:04 +0000] [15029] [INFO] Shutting down: Master
[2021-07-29 07:41:09 +0000] [15394] [INFO] Starting gunicorn 20.1.0
[2021-07-29 07:41:09 +0000] [15394] [INFO] Listening at: http://0.0.0.0:8000 (15394)
[2021-07-29 07:41:09 +0000] [15394] [INFO] Using worker: sync
[2021-07-29 07:41:09 +0000] [15395] [INFO] Booting worker with pid: 15395
Internal Server Error: /jobpostings
Traceback (most recent call last):
  File "/home/ubuntu/miniconda3/envs/oneted/lib/python3.9/site-packages/django/core/handlers/exception.py", line 47, in inner
    response = get_response(request)
  File "/home/ubuntu/miniconda3/envs/oneted/lib/python3.9/site-packages/django/core/handlers/base.py", line 167, in _get_response
    callback, callback_args, callback_kwargs = self.resolve_request(request)
  File "/home/ubuntu/miniconda3/envs/oneted/lib/python3.9/site-packages/django/core/handlers/base.py", line 290, in resolve_request
    resolver_match = resolver.resolve(request.path_info)
  File "/home/ubuntu/miniconda3/envs/oneted/lib/python3.9/site-packages/django/urls/resolvers.py", line 556, in resolve
    for pattern in self.url_patterns:
  File "/home/ubuntu/miniconda3/envs/oneted/lib/python3.9/site-packages/django/utils/functional.py", line 48, in __get__
    res = instance.__dict__[self.name] = self.func(instance)
  File "/home/ubuntu/miniconda3/envs/oneted/lib/python3.9/site-packages/django/urls/resolvers.py", line 598, in url_patterns
    patterns = getattr(self.urlconf_module, "urlpatterns", self.urlconf_module)
  File "/home/ubuntu/miniconda3/envs/oneted/lib/python3.9/site-packages/django/utils/functional.py", line 48, in __get__
    res = instance.__dict__[self.name] = self.func(instance)
  File "/home/ubuntu/miniconda3/envs/oneted/lib/python3.9/site-packages/django/urls/resolvers.py", line 591, in urlconf_module
    return import_module(self.urlconf_name)
  File "/home/ubuntu/miniconda3/envs/oneted/lib/python3.9/importlib/__init__.py", line 127, in import_module
    return _bootstrap._gcd_import(name[level:], package, level)
  File "<frozen importlib._bootstrap>", line 1030, in _gcd_import
  File "<frozen importlib._bootstrap>", line 1007, in _find_and_load
  File "<frozen importlib._bootstrap>", line 986, in _find_and_load_unlocked
  File "<frozen importlib._bootstrap>", line 680, in _load_unlocked
  File "<frozen importlib._bootstrap_external>", line 855, in exec_module
  File "<frozen importlib._bootstrap>", line 228, in _call_with_frames_removed
  File "/home/ubuntu/projects/oneted/oneted/urls.py", line 4, in <module>
    path("jobpostings", include("jobpostings.urls")),
  File "/home/ubuntu/miniconda3/envs/oneted/lib/python3.9/site-packages/django/urls/conf.py", line 34, in include
    urlconf_module = import_module(urlconf_module)
  File "/home/ubuntu/miniconda3/envs/oneted/lib/python3.9/importlib/__init__.py", line 127, in import_module
    return _bootstrap._gcd_import(name[level:], package, level)
  File "<frozen importlib._bootstrap>", line 1030, in _gcd_import
  File "<frozen importlib._bootstrap>", line 1007, in _find_and_load
  File "<frozen importlib._bootstrap>", line 986, in _find_and_load_unlocked
  File "<frozen importlib._bootstrap>", line 680, in _load_unlocked
  File "<frozen importlib._bootstrap_external>", line 855, in exec_module
  File "<frozen importlib._bootstrap>", line 228, in _call_with_frames_removed
  File "/home/ubuntu/projects/oneted/jobpostings/urls.py", line 2, in <module>
    from jobpostings.views import PostingsView, SuggestView, TagCategoryView, JobGroupView, PostingView, ApplyView, SalaryView
  File "/home/ubuntu/projects/oneted/jobpostings/views.py", line 95
    return JsonResponse({"message":"SUCCESS", "result":{"count":job_posting_count,"list":job_posting_list}, status=200)
                                                                                                                  ^
SyntaxError: invalid syntax
[2021-07-29 07:42:35 +0000] [15394] [INFO] Handling signal: term
[2021-07-29 16:42:35 +0900] [15395] [INFO] Worker exiting (pid: 15395)
[2021-07-29 07:42:35 +0000] [15394] [INFO] Shutting down: Master
